Using pre-set license
Built from '2022.3/staging' branch; Version is '2022.3.29f1 (8d510ca76d2b) revision 9261324'; Using compiler version '192829333'; Build Type 'Release'
OS: 'Windows 11  (10.0.22631) 64bit Professional' Language: 'ko' Physical Memory: 16227 MB
BatchMode: 1, IsHumanControllingUs: 0, StartBugReporterOnCrash: 0, Is64bit: 1, IsPro: 1

COMMAND LINE ARGUMENTS:
D:\Unity\2022.3.29f1\Editor\Unity.exe
-adb2
-batchMode
-noUpm
-name
AssetImportWorker2
-projectPath
D:/Github/CalmdownCardGame/CalmdownCardGame
-logFile
Logs/AssetImportWorker2.log
-srvPort
1662
Successfully changed project path to: D:/Github/CalmdownCardGame/CalmdownCardGame
D:/Github/CalmdownCardGame/CalmdownCardGame
[UnityMemory] Configuration Parameters - Can be set up in boot.config
    "memorysetup-bucket-allocator-granularity=16"
    "memorysetup-bucket-allocator-bucket-count=8"
    "memorysetup-bucket-allocator-block-size=33554432"
    "memorysetup-bucket-allocator-block-count=8"
    "memorysetup-main-allocator-block-size=16777216"
    "memorysetup-thread-allocator-block-size=16777216"
    "memorysetup-gfx-main-allocator-block-size=16777216"
    "memorysetup-gfx-thread-allocator-block-size=16777216"
    "memorysetup-cache-allocator-block-size=4194304"
    "memorysetup-typetree-allocator-block-size=2097152"
    "memorysetup-profiler-bucket-allocator-granularity=16"
    "memorysetup-profiler-bucket-allocator-bucket-count=8"
    "memorysetup-profiler-bucket-allocator-block-size=33554432"
    "memorysetup-profiler-bucket-allocator-block-count=8"
    "memorysetup-profiler-allocator-block-size=16777216"
    "memorysetup-profiler-editor-allocator-block-size=1048576"
    "memorysetup-temp-allocator-size-main=16777216"
    "memorysetup-job-temp-allocator-block-size=2097152"
    "memorysetup-job-temp-allocator-block-size-background=1048576"
    "memorysetup-job-temp-allocator-reduction-small-platforms=262144"
    "memorysetup-allocator-temp-initial-block-size-main=262144"
    "memorysetup-allocator-temp-initial-block-size-worker=262144"
    "memorysetup-temp-allocator-size-background-worker=32768"
    "memorysetup-temp-allocator-size-job-worker=262144"
    "memorysetup-temp-allocator-size-preload-manager=33554432"
    "memorysetup-temp-allocator-size-nav-mesh-worker=65536"
    "memorysetup-temp-allocator-size-audio-worker=65536"
    "memorysetup-temp-allocator-size-cloud-worker=32768"
    "memorysetup-temp-allocator-size-gi-baking-worker=262144"
    "memorysetup-temp-allocator-size-gfx=262144"
Player connection [12944] Host "[IP] 192.168.75.100 [Port] 0 [Flags] 2 [Guid] 4025583765 [EditorId] 4025583765 [Version] 1048832 [Id] WindowsEditor(7,NYJ) [Debug] 1 [PackageName] WindowsEditor [ProjectName] Editor" joined multi-casting on [225.0.0.222:54997]...

Player connection [12944] Host "[IP] 192.168.75.100 [Port] 0 [Flags] 2 [Guid] 4025583765 [EditorId] 4025583765 [Version] 1048832 [Id] WindowsEditor(7,NYJ) [Debug] 1 [PackageName] WindowsEditor [ProjectName] Editor" joined alternative multi-casting on [225.0.0.222:34997]...

[Physics::Module] Initialized MultithreadedJobDispatcher with 11 workers.
Refreshing native plugins compatible for Editor in 79.58 ms, found 4 plugins.
Preloading 0 native plugins for Editor in 0.00 ms.
Initialize engine version: 2022.3.29f1 (8d510ca76d2b)
[Subsystems] Discovering subsystems at path D:/Unity/2022.3.29f1/Editor/Data/Resources/UnitySubsystems
[Subsystems] Discovering subsystems at path D:/Github/CalmdownCardGame/CalmdownCardGame/Assets
GfxDevice: creating device client; threaded=0; jobified=0
Direct3D:
    Version:  Direct3D 11.0 [level 11.1]
    Renderer: NVIDIA GeForce GTX 1050 Ti (ID=0x1c8c)
    Vendor:   NVIDIA
    VRAM:     4007 MB
    Driver:   32.0.15.5599
Initialize mono
Mono path[0] = 'D:/Unity/2022.3.29f1/Editor/Data/Managed'
Mono path[1] = 'D:/Unity/2022.3.29f1/Editor/Data/MonoBleedingEdge/lib/mono/unityjit-win32'
Mono config path = 'D:/Unity/2022.3.29f1/Editor/Data/MonoBleedingEdge/etc'
Using monoOptions --debugger-agent=transport=dt_socket,embedding=1,server=y,suspend=n,address=127.0.0.1:56028
Begin MonoManager ReloadAssembly
Registering precompiled unity dll's ...
Register platform support module: D:/Unity/2022.3.29f1/Editor/Data/PlaybackEngines/WebGLSupport/UnityEditor.WebGL.Extensions.dll
Register platform support module: D:/Unity/2022.3.29f1/Editor/Data/PlaybackEngines/AndroidPlayer/UnityEditor.Android.Extensions.dll
Register platform support module: D:/Unity/2022.3.29f1/Editor/Data/PlaybackEngines/WindowsStandaloneSupport/UnityEditor.WindowsStandalone.Extensions.dll
Registered in 0.030586 seconds.
- Loaded All Assemblies, in  1.973 seconds
Native extension for WindowsStandalone target not found
Native extension for Android target not found
Android Extension - Scanning For ADB Devices 17230 ms
Native extension for WebGL target not found
Mono: successfully reloaded assembly
- Finished resetting the current domain, in 18.466 seconds
Domain Reload Profiling: 20437ms
	BeginReloadAssembly (596ms)
		ExecutionOrderSort (0ms)
		DisableScriptedObjects (0ms)
		BackupInstance (0ms)
		ReleaseScriptingObjects (0ms)
		CreateAndSetChildDomain (2ms)
	RebuildCommonClasses (200ms)
	RebuildNativeTypeToScriptingClass (70ms)
	initialDomainReloadingComplete (265ms)
	LoadAllAssembliesAndSetupDomain (838ms)
		LoadAssemblies (598ms)
		RebuildTransferFunctionScriptingTraits (0ms)
		AnalyzeDomain (827ms)
			TypeCache.Refresh (824ms)
				TypeCache.ScanAssembly (740ms)
			ScanForSourceGeneratedMonoScriptInfo (1ms)
			ResolveRequiredComponents (1ms)
	FinalizeReload (18468ms)
		ReleaseScriptCaches (0ms)
		RebuildScriptCaches (0ms)
		SetupLoadedEditorAssemblies (18230ms)
			LogAssemblyErrors (0ms)
			InitializePlatformSupportModulesInManaged (17677ms)
			SetLoadedEditorAssemblies (14ms)
			RefreshPlugins (0ms)
			BeforeProcessingInitializeOnLoad (8ms)
			ProcessInitializeOnLoadAttributes (348ms)
			ProcessInitializeOnLoadMethodAttributes (183ms)
			AfterProcessingInitializeOnLoad (0ms)
			EditorAssembliesLoaded (0ms)
		ExecutionOrderSort2 (0ms)
		AwakeInstancesAfterBackupRestoration (0ms)
========================================================================
Worker process is ready to serve import requests
Begin MonoManager ReloadAssembly
- Loaded All Assemblies, in 12.318 seconds
Refreshing native plugins compatible for Editor in 153.57 ms, found 4 plugins.
Native extension for WindowsStandalone target not found
Native extension for Android target not found
Native extension for WebGL target not found
Package Manager log level set to [2]
[Package Manager] Server::EnsureServerProcessIsRunning -- launch failed, reason: Unity was launched with the -noUpm command-line argument
[Package Manager] UpmClient::Send -- Unable to send message (not connected to UPM process).
[Package Manager] Cannot connect to Unity Package Manager local server
Mono: successfully reloaded assembly
- Finished resetting the current domain, in  9.878 seconds
Domain Reload Profiling: 22184ms
	BeginReloadAssembly (1324ms)
		ExecutionOrderSort (0ms)
		DisableScriptedObjects (28ms)
		BackupInstance (0ms)
		ReleaseScriptingObjects (1ms)
		CreateAndSetChildDomain (116ms)
	RebuildCommonClasses (232ms)
	RebuildNativeTypeToScriptingClass (63ms)
	initialDomainReloadingComplete (513ms)
	LoadAllAssembliesAndSetupDomain (10171ms)
		LoadAssemblies (8995ms)
		RebuildTransferFunctionScriptingTraits (0ms)
		AnalyzeDomain (2185ms)
			TypeCache.Refresh (1679ms)
				TypeCache.ScanAssembly (1302ms)
			ScanForSourceGeneratedMonoScriptInfo (361ms)
			ResolveRequiredComponents (123ms)
	FinalizeReload (9881ms)
		ReleaseScriptCaches (0ms)
		RebuildScriptCaches (0ms)
		SetupLoadedEditorAssemblies (6996ms)
			LogAssemblyErrors (0ms)
			InitializePlatformSupportModulesInManaged (251ms)
			SetLoadedEditorAssemblies (49ms)
			RefreshPlugins (0ms)
			BeforeProcessingInitializeOnLoad (571ms)
			ProcessInitializeOnLoadAttributes (5508ms)
			ProcessInitializeOnLoadMethodAttributes (583ms)
			AfterProcessingInitializeOnLoad (33ms)
			EditorAssembliesLoaded (1ms)
		ExecutionOrderSort2 (0ms)
		AwakeInstancesAfterBackupRestoration (73ms)
Launched and connected shader compiler UnityShaderCompiler.exe after 0.51 seconds
Refreshing native plugins compatible for Editor in 48.15 ms, found 4 plugins.
Preloading 0 native plugins for Editor in 0.00 ms.
Unloading 5729 Unused Serialized files (Serialized files now loaded: 0)
Unloading 98 unused Assets / (0.5 MB). Loaded Objects now: 6195.
Memory consumption went from 233.0 MB to 232.5 MB.
Total: 28.259000 ms (FindLiveObjects: 2.725900 ms CreateObjectMapping: 3.077400 ms MarkObjects: 21.165000 ms  DeleteObjects: 1.287400 ms)

AssetImportParameters requested are different than current active one (requested -> active):
  custom:container-demuxer-ogg: 62fdf1f143b41e24485cea50d1cbac27 -> 
  custom:video-codec-MediaFoundation-h265: 746d11721c4dcdbdad8f713fa42b33f4 -> 
  custom:video-decoder-ogg-theora: a1e56fd34408186e4bbccfd4996cb3dc -> 
  custom:framework-win-MediaFoundation: 216162199b28c13a410421893ffa2e32 -> 
  custom:CustomObjectIndexerAttribute: 72b91833f83ae208fae7752999fa3104 -> 
  custom:container-demuxer-webm: 4f35f7cbe854078d1ac9338744f61a02 -> 
  custom:container-muxer-webm: aa71ff27fc2769a1b78a27578f13a17b -> 
  custom:video-decoder-webm-vp8: 9c59270c3fd7afecdb556c50c9e8de78 -> 
  custom:SearchIndexIgnoredProperties: e643bd26f0fe6173181afceb89e7c659 -> 
  custom:AudioImporter_EditorPlatform: d09bf68614088b80899f8185d706f6e7 -> 
  custom:video-encoder-webm-vp8: eb34c28f22e8b96e1ab97ce403110664 -> 
  custom:audio-decoder-ogg-vorbis: bf7c407c2cedff20999df2af8eb42d56 -> 
  custom:audio-encoder-webm-vorbis: bf7c407c2cedff20999df2af8eb42d56 -> 
========================================================================
Received Import Request.
  Time since last request: 173398.089056 seconds.
  path: Assets/Sprites/Card/1.png
  artifactKey: Guid(f5d9478ac48bca240801b6a41e839450) Importer(815301076,1909f56bfc062723c751e8b465ee728b)
Start importing Assets/Sprites/Card/1.png using Guid(f5d9478ac48bca240801b6a41e839450) Importer(815301076,1909f56bfc062723c751e8b465ee728b)  -> (artifact id: '1c27bc6bf9af6386b2d1bbfbab2ff12c') in 0.494335 seconds
Number of updated asset objects reloaded before import = 0
Number of asset objects unloaded after import = 3
========================================================================
Received Import Request.
  Time since last request: 0.000125 seconds.
  path: Assets/Sprites/Card/4.png
  artifactKey: Guid(b36c1d35531e5b6409c8eaec67ecebd1) Importer(815301076,1909f56bfc062723c751e8b465ee728b)
Start importing Assets/Sprites/Card/4.png using Guid(b36c1d35531e5b6409c8eaec67ecebd1) Importer(815301076,1909f56bfc062723c751e8b465ee728b)  -> (artifact id: 'acfe0e0b022388dba98213e924f357f3') in 0.060039 seconds
Number of updated asset objects reloaded before import = 0
Number of asset objects unloaded after import = 3
========================================================================
Received Import Request.
  Time since last request: 1186.091227 seconds.
  path: Assets/Sprites/StoryMode/WorldMap
  artifactKey: Guid(648b2fb06e11a5e4a80868898df8a6f1) Importer(815301076,1909f56bfc062723c751e8b465ee728b)
Start importing Assets/Sprites/StoryMode/WorldMap using Guid(648b2fb06e11a5e4a80868898df8a6f1) Importer(815301076,1909f56bfc062723c751e8b465ee728b)  -> (artifact id: '3fe88c24ecfc6ee22a49dd978972ff4c') in 0.001244 seconds
Number of updated asset objects reloaded before import = 0
Number of asset objects unloaded after import = 0
========================================================================
Received Import Request.
  Time since last request: 3.982710 seconds.
  path: Assets/Sprites/StoryMode/WorldMap 1
  artifactKey: Guid(81f619ced815a574bb85f93508e1037f) Importer(815301076,1909f56bfc062723c751e8b465ee728b)
Start importing Assets/Sprites/StoryMode/WorldMap 1 using Guid(81f619ced815a574bb85f93508e1037f) Importer(815301076,1909f56bfc062723c751e8b465ee728b)  -> (artifact id: '9b4b9d36eead56f15133938d8dc290c5') in 0.000623 seconds
Number of updated asset objects reloaded before import = 0
Number of asset objects unloaded after import = 0
========================================================================
Received Import Request.
  Time since last request: 0.130298 seconds.
  path: Assets/Sprites/StoryMode/WorldMap 2
  artifactKey: Guid(46ad477094478774a82dfe67f3c1c4a5) Importer(815301076,1909f56bfc062723c751e8b465ee728b)
Start importing Assets/Sprites/StoryMode/WorldMap 2 using Guid(46ad477094478774a82dfe67f3c1c4a5) Importer(815301076,1909f56bfc062723c751e8b465ee728b)  -> (artifact id: 'a546ae254f8dea90534afb48ca21a86b') in 0.000797 seconds
Number of updated asset objects reloaded before import = 0
Number of asset objects unloaded after import = 0
========================================================================
Received Import Request.
  Time since last request: 2.095450 seconds.
  path: Assets/Sprites/StoryMode/Nonogram
  artifactKey: Guid(81f619ced815a574bb85f93508e1037f) Importer(815301076,1909f56bfc062723c751e8b465ee728b)
Start importing Assets/Sprites/StoryMode/Nonogram using Guid(81f619ced815a574bb85f93508e1037f) Importer(815301076,1909f56bfc062723c751e8b465ee728b)  -> (artifact id: 'b52124285eb574f21a58281b6b072d02') in 0.000555 seconds
Number of updated asset objects reloaded before import = 0
Number of asset objects unloaded after import = 0
========================================================================
Received Import Request.
  Time since last request: 3.685351 seconds.
  path: Assets/Sprites/StoryMode/Dictionary
  artifactKey: Guid(46ad477094478774a82dfe67f3c1c4a5) Importer(815301076,1909f56bfc062723c751e8b465ee728b)
Start importing Assets/Sprites/StoryMode/Dictionary using Guid(46ad477094478774a82dfe67f3c1c4a5) Importer(815301076,1909f56bfc062723c751e8b465ee728b)  -> (artifact id: 'b9ef037d34075203aab1ec4b28cbc432') in 0.000511 seconds
Number of updated asset objects reloaded before import = 0
Number of asset objects unloaded after import = 0
========================================================================
Received Import Request.
  Time since last request: 4.455002 seconds.
  path: Assets/Sprites/StoryMode/WorldMap 1
  artifactKey: Guid(8784e814665bbd34c81138f91e49841b) Importer(815301076,1909f56bfc062723c751e8b465ee728b)
Start importing Assets/Sprites/StoryMode/WorldMap 1 using Guid(8784e814665bbd34c81138f91e49841b) Importer(815301076,1909f56bfc062723c751e8b465ee728b)  -> (artifact id: '2449f9ed1cafe5a8337d555bf17eb762') in 0.000950 seconds
Number of updated asset objects reloaded before import = 0
Number of asset objects unloaded after import = 0
========================================================================
Received Import Request.
  Time since last request: 1.442204 seconds.
  path: Assets/Sprites/StoryMode/Main
  artifactKey: Guid(8784e814665bbd34c81138f91e49841b) Importer(815301076,1909f56bfc062723c751e8b465ee728b)
Start importing Assets/Sprites/StoryMode/Main using Guid(8784e814665bbd34c81138f91e49841b) Importer(815301076,1909f56bfc062723c751e8b465ee728b)  -> (artifact id: '0283ce7705ab686066b3002b569770dd') in 0.001102 seconds
Number of updated asset objects reloaded before import = 0
Number of asset objects unloaded after import = 0
========================================================================
Received Import Request.
  Time since last request: 19.236987 seconds.
  path: Assets/Sprites/StoryMode/Dictionary/C_1.png
  artifactKey: Guid(f67f9c49a9ef0b84282a562b2e9fed09) Importer(815301076,1909f56bfc062723c751e8b465ee728b)
Start importing Assets/Sprites/StoryMode/Dictionary/C_1.png using Guid(f67f9c49a9ef0b84282a562b2e9fed09) Importer(815301076,1909f56bfc062723c751e8b465ee728b)  -> (artifact id: '5cb9017566b73a685eba014e092f5ca0') in 0.030143 seconds
Number of updated asset objects reloaded before import = 0
Number of asset objects unloaded after import = 3
========================================================================
Received Import Request.
  Time since last request: 0.000021 seconds.
  path: Assets/Sprites/StoryMode/Dictionary/Rock_1.png
  artifactKey: Guid(7e93f3d91f70f8c42a2bc23b6c03b1c6) Importer(815301076,1909f56bfc062723c751e8b465ee728b)
Start importing Assets/Sprites/StoryMode/Dictionary/Rock_1.png using Guid(7e93f3d91f70f8c42a2bc23b6c03b1c6) Importer(815301076,1909f56bfc062723c751e8b465ee728b)  -> (artifact id: 'b8159477a6db5133b0744dbc55ffa689') in 0.017070 seconds
Number of updated asset objects reloaded before import = 0
Number of asset objects unloaded after import = 3
========================================================================
Received Import Request.
  Time since last request: 3.462500 seconds.
  path: Assets/Sprites/StoryMode/Dictionary/Scissors_1.png
  artifactKey: Guid(01b605629b1337a4d87b21fd895852f8) Importer(815301076,1909f56bfc062723c751e8b465ee728b)
Start importing Assets/Sprites/StoryMode/Dictionary/Scissors_1.png using Guid(01b605629b1337a4d87b21fd895852f8) Importer(815301076,1909f56bfc062723c751e8b465ee728b)  -> (artifact id: 'a2f6ff9e031be2cdc069e5184c548bba') in 0.012493 seconds
Number of updated asset objects reloaded before import = 0
Number of asset objects unloaded after import = 3
========================================================================
Received Import Request.
  Time since last request: 0.005374 seconds.
  path: Assets/Sprites/StoryMode/Dictionary/C_1.png
  artifactKey: Guid(f67f9c49a9ef0b84282a562b2e9fed09) Importer(815301076,1909f56bfc062723c751e8b465ee728b)
Start importing Assets/Sprites/StoryMode/Dictionary/C_1.png using Guid(f67f9c49a9ef0b84282a562b2e9fed09) Importer(815301076,1909f56bfc062723c751e8b465ee728b)  -> (artifact id: '38193f61b932ab2c9a1e34bf3dd5bfa1') in 0.015207 seconds
Number of updated asset objects reloaded before import = 0
Number of asset objects unloaded after import = 3
========================================================================
Received Import Request.
  Time since last request: 11.272321 seconds.
  path: Assets/TextMesh Pro/Sprites
  artifactKey: Guid(d0603b6d5186471b96c778c3949c7ce2) Importer(815301076,1909f56bfc062723c751e8b465ee728b)
Start importing Assets/TextMesh Pro/Sprites using Guid(d0603b6d5186471b96c778c3949c7ce2) Importer(815301076,1909f56bfc062723c751e8b465ee728b)  -> (artifact id: '4efdb37c6eb1b7bda5571a62901eb1ba') in 0.037831 seconds
Number of updated asset objects reloaded before import = 0
Number of asset objects unloaded after import = 0
========================================================================
Received Import Request.
  Time since last request: 0.336277 seconds.
  path: Assets/TextMesh Pro/Sprites/EmojiOne.png
  artifactKey: Guid(dffef66376be4fa480fb02b19edbe903) Importer(815301076,1909f56bfc062723c751e8b465ee728b)
Start importing Assets/TextMesh Pro/Sprites/EmojiOne.png using Guid(dffef66376be4fa480fb02b19edbe903) Importer(815301076,1909f56bfc062723c751e8b465ee728b)  -> (artifact id: '41bf024b0e5b310dd648449ac39adff5') in 0.027613 seconds
Number of updated asset objects reloaded before import = 0
Number of asset objects unloaded after import = 2
========================================================================
Received Import Request.
  Time since last request: 1.117771 seconds.
  path: Assets/TextMesh Pro/Shaders
  artifactKey: Guid(e9f693669af91aa45ad615fc681ed29f) Importer(815301076,1909f56bfc062723c751e8b465ee728b)
Start importing Assets/TextMesh Pro/Shaders using Guid(e9f693669af91aa45ad615fc681ed29f) Importer(815301076,1909f56bfc062723c751e8b465ee728b)  -> (artifact id: 'c9800e6720add5653b6f84836174c71d') in 0.022563 seconds
Number of updated asset objects reloaded before import = 0
Number of asset objects unloaded after import = 0
========================================================================
Received Import Request.
  Time since last request: 48.468300 seconds.
  path: Assets/Sprites/Card/pack.png
  artifactKey: Guid(1467ea60b1a6b0a4b8dabbacdc21f072) Importer(815301076,1909f56bfc062723c751e8b465ee728b)
Start importing Assets/Sprites/Card/pack.png using Guid(1467ea60b1a6b0a4b8dabbacdc21f072) Importer(815301076,1909f56bfc062723c751e8b465ee728b)  -> (artifact id: '115fc75fe424a18a4134bb9f6b1f40a2') in 0.032341 seconds
Number of updated asset objects reloaded before import = 0
Number of asset objects unloaded after import = 3
========================================================================
Received Import Request.
  Time since last request: 996.005201 seconds.
  path: Assets/Font/SB SDF.asset
  artifactKey: Guid(04b8b78631a6f9847bb96c6cdea6ced7) Importer(815301076,1909f56bfc062723c751e8b465ee728b)
Start importing Assets/Font/SB SDF.asset using Guid(04b8b78631a6f9847bb96c6cdea6ced7) Importer(815301076,1909f56bfc062723c751e8b465ee728b)  -> (artifact id: '66ae85bf5de6431954a5fec394fbdd65') in 1.316853 seconds
Number of updated asset objects reloaded before import = 0
Number of asset objects unloaded after import = 8
